1599649842353	mozrunner::runner	INFO	Running command: "C:\\Program Files\\Mozilla Firefox\\firefox.exe" "-marionette" "-foreground" "-no-remote" "-profile" "C:\\Users\\ADMINI~1\\AppData\\Local\\Temp\\rust_mozprofileYvaoql"
JavaScript error: resource://gre/modules/XULStore.jsm, line 66: Error: Can't find profile directory.
console.error: SearchCache: "_readCacheFile: Error reading cache file:" (new Error("", "(unknown module)"))
1599649846797	Marionette	INFO	Listening on port 55413
1599649847081	Marionette	WARN	TLS certificate errors will be ignored for this session
JavaScript warning: https://g.alicdn.com/??kissy/k/6.2.4/seed-min.js,kg/global-util/1.0.7/index-min.js,tb/tracker/4.3.12/index.js,kg/tb-nav/2.5.11/index-min.js,secdev/sufei_data/3.8.7/index.js, line 6: WebGL context was lost.
JavaScript warning: https://g.alicdn.com/AWSC/et/1.62.1/et_n.js, line 4: WebGL context was lost.
JavaScript warning: https://g.alicdn.com/??xlly/spl/rp.js,secdev/nsv/1.0.78/ns_e_88_3_n.js, line 5: WebGL context was lost.
1599649893254	Marionette	INFO	Stopped listening on port 55413

###!!! [Child][RunMessage] Error: Channel closing: too late to send/recv, messages will be lost


###!!! [Child][MessageChannel::SendAndWait] Error: Channel error: cannot send/recv

gre/modules/XULStore.jsm, line 66: Error: Can't find profile directory.
console.error: SearchCache: "_readCacheFile: Error reading cache file:" (new Error("", "(unknown module)"))
1599649886155	Marionette	INFO	Listening on port 55507
1599649886188	Marionette	WARN	TLS certificate errors will be ignored for this session
JavaScript warning: https://g.alicdn.com/??kissy/k/6.2.4/seed-min.js,kg/global-util/1.0.7/index-min.js,tb/tracker/4.3.12/index.js,kg/tb-nav/2.5.11/index-min.js,secdev/sufei_data/3.8.7/index.js, line 6: WebGL context was lost.
console.error: Region.jsm: "Error fetching region" (new AbortError("The operation was aborted. ", (void 0), 689))
console.error: Region.jsm: "Failed to fetch region" (new Error("NO_RESULT", "resource://gre/modules/Region.jsm", 343))
JavaScript warning: https://g.alicdn.com/AWSC/et/1.62.1/et_n.js, line 4: WebGL context was lost.
JavaScript warning: https://g.alicdn.com/??xlly/spl/rp.js,secdev/nsv/1.0.78/ns_e_88_3_n.js, line 5: WebGL context was lost.
1599649897378	Marionette	INFO	Stopped listening on port 55507

###!!! [Child][MessageChannel] Error: (msgtype=0x5A0011,name=PHttpChannel::Msg___delete__) Channel closing: too late to send/recv, messages will be lost


###!!! [Child][MessageChannel] Error: (msgtype=0x6A0029,name=PNecko::Msg_RemoveRequestContext) Channel closing: too late to send/recv, messages will be lost

JavaScript error: resource://gre/modules/UrlClassifierListManager.jsm, line 691: TypeError: this.tablesData[table] is undefined

###!!! [Child][RunMessage] Error: Channel closing: too late to send/recv, messages will be lost


###!!! [Child][MessageChannel::SendAndWait] Error: Channel error: cannot send/recv

1599650173832	mozrunner::runner	INFO	Running command: "C:\\Program Files\\Mozilla Firefox\\firefox.exe" "-marionette" "-foreground" "-no-remote" "-profile" "C:\\Users\\ADMINI~1\\AppData\\Local\\Temp\\rust_mozprofilefBvmeX"
JavaScript error: resource://gre/modules/XULStore.jsm, line 66: Error: Can't find profile directory.
console.error: SearchCache: "_readCacheFile: Error reading cache file:" (new Error("", "(unknown module)"))
1599650178913	Marionette	INFO	Listening on port 55641
1599650179195	Marionette	WARN	TLS certificate errors will be ignored for this session
JavaScript error: resource://gre/modules/UrlClassifierListManager.jsm, line 691: TypeError: this.tablesData[table] is undefined
1599650191334	Marionette	INFO	Stopped listening on port 55641

###!!! [Child][RunMessage] Error: Channel closing: too late to send/recv, messages will be lost


###!!! [Child][MessageChannel::SendAndWait] Error: Channel error: cannot send/recv

1599650201432	mozrunner::runner	INFO	Running command: "C:\\Program Files\\Mozilla Firefox\\firefox.exe" "-marionette" "-foreground" "-no-remote" "-profile" "C:\\Users\\ADMINI~1\\AppData\\Local\\Temp\\rust_mozprofileKAvyZu"
JavaScript error: resource://gre/modules/XULStore.jsm, line 66: Error: Can't find profile directory.
console.error: SearchCache: "_readCacheFile: Error reading cache file:" (new Error("", "(unknown module)"))
1599650205649	Marionette	INFO	Listening on port 55685
1599650205655	Marionette	WARN	TLS certificate errors will be ignored for this session
console.error: services.settings: 
  main/fxmonitor-breaches Signature failed  TypeError: NetworkError when attempting to fetch resource.
[Parent 12460, Gecko_IOThread] WARNING: file /builds/worker/checkouts/gecko/ipc/chromium/src/base/process_util_win.cc, line 166
console.log: "RemoteSettingsWorker error: Error: Can't import when we've started shutting down."
console.log: "RemoteSettingsWorker error: Error: Can't import when we've started shutting down."
console.log: "RemoteSettingsWorker error: Error: Can't import when we've started shutting down."
console.error: "Could not load engine baidu@search.mozilla.org: [Exception... \"AddonManager is not initialized\"  nsresult: \"0xc1f30001 (NS_ERROR_NOT_INITIALIZED)\"  location: \"JS frame :: resource://gre/modules/AddonManager.jsm :: installBuiltinAddon :: line 2529\"  data: no]"
console.error: "Could not load engine bing@search.mozilla.org: [Exception... \"AddonManager is not initialized\"  nsresult: \"0xc1f30001 (NS_ERROR_NOT_INITIALIZED)\"  location: \"JS frame :: resource://gre/modules/AddonManager.jsm :: installBuiltinAddon :: line 2529\"  data: no]"
console.error: "Could not load engine google@search.mozilla.org: [Exception... \"AddonManager is not initialized\"  nsresult: \"0xc1f30001 (NS_ERROR_NOT_INITIALIZED)\"  location: \"JS frame :: resource://gre/modules/AddonManager.jsm :: installBuiltinAddon :: line 2529\"  data: no]"
console.error: "Could not load engine amazondotcn@search.mozilla.org: [Exception... \"AddonManager is not initialized\"  nsresult: \"0xc1f30001 (NS_ERROR_NOT_INITIALIZED)\"  location: \"JS frame :: resource://gre/modules/AddonManager.jsm :: installBuiltinAddon :: line 2529\"  data: no]"
console.error: "Could not load engine wikipedia@search.mozilla.org: [Exception... \"AddonManager is not initialized\"  nsresult: \"0xc1f30001 (NS_ERROR_NOT_INITIALIZED)\"  location: \"JS frame :: resource://gre/modules/AddonManager.jsm :: installBuiltinAddon :: line 2529\"  data: no]"
console.error: "Could not load engine ddg@search.mozilla.org: [Exception... \"AddonManager is not initialized\"  nsresult: \"0xc1f30001 (NS_ERROR_NOT_INITIALIZED)\"  location: \"JS frame :: resource://gre/modules/AddonManager.jsm :: installBuiltinAddon :: line 2529\"  data: no]"
console.warn: SearchService: "_init: abandoning init due to shutting down"
JavaScript error: resource://gre/modules/AsyncShutdown.jsm, line 554: uncaught exception: 2147500036
JavaScript error: resource://gre/modules/AsyncShutdown.jsm, line 554: uncaught exception: 2147500036
JavaScript error: resource://gre/modules/AsyncShutdown.jsm, line 554: uncaught exception: 2147500036
JavaScript error: resource://gre/modules/AsyncShutdown.jsm, line 554: uncaught exception: 2147500036
JavaScript error: resource://gre/modules/AsyncShutdown.jsm, line 554: uncaught exception: 2147500036
JavaScript error: resource://gre/modules/AsyncShutdown.jsm, line 554: uncaught exception: 2147500036
JavaScript error: resource://gre/modules/AsyncShutdown.jsm, line 554: uncaught exception: 2147500036
JavaScript error: resource://gre/modules/AsyncShutdown.jsm, line 554: uncaught exception: 2147500036
JavaScript error: resource://gre/modules/AsyncShutdown.jsm, line 554: uncaught exception: 2147500036
JavaScript error: resource://gre/modules/ExtensionSettingsStore.jsm, line 123: Error: The ExtensionSettingsStore was accessed before the initialize promise resolved.
1599650211049	Marionette	INFO	Stopped listening on port 55685

###!!! [Child][RunMessage] Error: Channel closing: too late to send/recv, messages will be lost


###!!! [Child][MessageChannel::SendAndWait] Error: Channel error: cannot send/recv

1599650237090	mozrunner::runner	INFO	Running command: "C:\\Program Files\\Mozilla Firefox\\firefox.exe" "-marionette" "-foreground" "-no-remote" "-profile" "C:\\Users\\ADMINI~1\\AppData\\Local\\Temp\\rust_mozprofileitheJA"
JavaScript error: resource://gre/modules/XULStore.jsm, line 66: Error: Can't find profile directory.
console.error: SearchCache: "_readCacheFile: Error reading cache file:" (new Error("", "(unknown module)"))
1599650241482	Marionette	INFO	Listening on port 55735
1599650241891	Marionette	WARN	TLS certificate errors will be ignored for this session
1599650281811	Marionette	INFO	Stopped listening on port 55735

###!!! [Child][RunMessage] Error: Channel closing: too late to send/recv, messages will be lost


###!!! [Child][MessageChannel::SendAndWait] Error: Channel error: cannot send/recv

1599650436783	mozrunner::runner	INFO	Running command: "C:\\Program Files\\Mozilla Firefox\\firefox.exe" "-marionette" "-foreground" "-no-remote" "-profile" "C:\\Users\\ADMINI~1\\AppData\\Local\\Temp\\rust_mozprofileyWjQjE"
JavaScript error: resource://gre/modules/XULStore.jsm, line 66: Error: Can't find profile directory.
console.error: SearchCache: "_readCacheFile: Error reading cache file:" (new Error("", "(unknown module)"))
1599650441209	Marionette	INFO	Listening on port 55817
1599650441510	Marionette	WARN	TLS certificate errors will be ignored for this session
console.error: Region.jsm: "Error fetching region" (new AbortError("The operation was aborted. ", (void 0), 689))
console.error: Region.jsm: "Failed to fetch region" (new Error("NO_RESULT", "resource://gre/modules/Region.jsm", 343))
1599650448071	Marionette	INFO	Stopped listening on port 55817

###!!! [Child][RunMessage] Error: Channel closing: too late to send/recv, messages will be lost


###!!! [Child][MessageChannel::SendAndWait] Error: Channel error: cannot send/recv

1599650482805	mozrunner::runner	INFO	Running command: "C:\\Program Files\\Mozilla Firefox\\firefox.exe" "-marionette" "-foreground" "-no-remote" "-profile" "C:\\Users\\ADMINI~1\\AppData\\Local\\Temp\\rust_mozprofileC2anLC"
JavaScript error: resource://gre/modules/XULStore.jsm, line 66: Error: Can't find profile directory.
console.error: SearchCache: "_readCacheFile: Error reading cache file:" (new Error("", "(unknown module)"))
1599650486850	Marionette	INFO	Listening on port 55863
1599650486923	Marionette	WARN	TLS certificate errors will be ignored for this session
console.error: Region.jsm: "Error fetching region" (new TypeError("NetworkError when attempting to fetch resource.", ""))
console.error: Region.jsm: "Failed to fetch region" (new Error("NO_RESULT", "resource://gre/modules/Region.jsm", 343))
1599650492836	Marionette	INFO	Stopped listening on port 55863

###!!! [Child][RunMessage] Error: Channel closing: too late to send/recv, messages will be lost


###!!! [Child][MessageChannel::SendAndWait] Error: Channel error: cannot send/recv

1599651059943	mozrunner::runner	INFO	Running command: "C:\\Program Files\\Mozilla Firefox\\firefox.exe" "-marionette" "-foreground" "-no-remote" "-profile" "C:\\Users\\ADMINI~1\\AppData\\Local\\Temp\\rust_mozprofileChY7yV"
JavaScript error: resource://gre/modules/XULStore.jsm, line 66: Error: Can't find profile directory.
console.error: SearchCache: "_readCacheFile: Error reading cache file:" (new Error("", "(unknown module)"))
1599651064959	Marionette	INFO	Listening on port 56054
1599651065230	Marionette	WARN	TLS certificate errors will be ignored for this session
JavaScript warning: https://g.alicdn.com/??kissy/k/6.2.4/seed-min.js,kg/global-util/1.0.7/index-min.js,tb/tracker/4.3.12/index.js,kg/tb-nav/2.5.11/index-min.js,secdev/sufei_data/3.8.7/index.js, line 6: WebGL context was lost.
JavaScript warning: https://g.alicdn.com/AWSC/et/1.62.1/et_n.js, line 4: WebGL context was lost.
JavaScript warning: https://g.alicdn.com/??xlly/spl/rp.js,secdev/nsv/1.0.78/ns_e_88_3_n.js, line 5: WebGL context was lost.
JavaScript warning: https://g.alicdn.com/AWSC/et/1.62.1/et_n.js, line 4: WebGL context was lost.
JavaScript warning: https://g.alicdn.com/AWSC/WebUMID/1.84.0/um.js, line 8: WebGL context was lost.
JavaScript warning: https://g.alicdn.com/secdev/sufei_data/3.9.0/index.js, line 1: WebGL context was lost.
JavaScript warning: https://g.alicdn.com/??xlly/spl/rp.js,secdev/nsv/1.0.78/ns_e_88_3_n.js, line 5: WebGL context was lost.
1599651074579	Marionette	INFO	Stopped listening on port 56054

###!!! [Child][RunMessage] Error: Channel closing: too late to send/recv, messages will be lost


###!!! [Child][MessageChannel::SendAndWait] Error: Channel error: cannot send/recv

1599651085033	mozrunner::runner	INFO	Running command: "C:\\Program Files\\Mozilla Firefox\\firefox.exe" "-marionette" "-foreground" "-no-remote" "-profile" "C:\\Users\\ADMINI~1\\AppData\\Local\\Temp\\rust_mozprofilen67vQ0"
JavaScript error: resource://gre/modules/XULStore.jsm, line 66: Error: Can't find profile directory.
console.error: SearchCache: "_readCacheFile: Error reading cache file:" (new Error("", "(unknown module)"))
1599651089161	Marionette	INFO	Listening on port 56141
1599651089253	Marionette	WARN	TLS certificate errors will be ignored for this session
JavaScript warning: https://g.alicdn.com/??kissy/k/6.2.4/seed-min.js,kg/global-util/1.0.7/index-min.js,tb/tracker/4.3.12/index.js,kg/tb-nav/2.5.11/index-min.js,secdev/sufei_data/3.8.7/index.js, line 6: WebGL context was lost.
JavaScript warning: https://g.alicdn.com/AWSC/et/1.62.1/et_n.js, line 4: WebGL context was lost.
JavaScript warning: https://g.alicdn.com/secdev/sufei_data/3.9.0/index.js, line 1: WebGL context was lost.
JavaScript warning: https://g.alicdn.com/AWSC/WebUMID/1.84.0/um.js, line 8: WebGL context was lost.
JavaScript warning: https://g.alicdn.com/??xlly/spl/rp.js,secdev/nsv/1.0.78/ns_e_88_3_n.js, line 5: WebGL context was lost.
JavaScript warning: https://g.alicdn.com/AWSC/WebUMID/1.84.0/um.js, line 8: WebGL context was lost.
1599651101297	Marionette	INFO	Stopped listening on port 56141
JavaScript error: resource://gre/modules/UrlClassifierListManager.jsm, line 691: TypeError: this.tablesData[table] is undefined

###!!! [Child][RunMessage] Error: Channel closing: too late to send/recv, messages will be lost


###!!! [Child][MessageChannel::SendAndWait] Error: Channel error: cannot send/recv

1599651203067	mozrunner::runner	INFO	Running command: "C:\\Program Files\\Mozilla Firefox\\firefox.exe" "-marionette" "-foreground" "-no-remote" "-profile" "C:\\Users\\ADMINI~1\\AppData\\Local\\Temp\\rust_mozprofileD7BQ3P"
JavaScript error: resource://gre/modules/XULStore.jsm, line 66: Error: Can't find profile directory.
console.error: SearchCache: "_readCacheFile: Error reading cache file:" (new Error("", "(unknown module)"))
1599651207081	Marionette	INFO	Listening on port 56255
1599651207183	Marionette	WARN	TLS certificate errors will be ignored for this session
1599651207455	Marionette	WARN	TimedPromise timed out after 0 ms: stacktrace:
TimedPromise/<@chrome://marionette/content/sync.js:245:13
TimedPromise@chrome://marionette/content/sync.js:230:10
Sleep@chrome://marionette/content/sync.js:283:10
dispatchPause@chrome://marionette/content/action.js:1482:10
toEvents/<@chrome://marionette/content/action.js:1156:16
action.dispatchTickActions@chrome://marionette/content/action.js:1060:35
action.dispatch/chainEvents<@chrome://marionette/content/action.js:1028:20
action.dispatch@chrome://marionette/content/action.js:1034:5
performActions@chrome://marionette/content/listener.js:856:16
dispatch/</req<@chrome://marionette/content/listener.js:529:14
dispatch/<@chrome://marionette/content/listener.js:522:15
1599651207721	Marionette	WARN	TimedPromise timed out after 0 ms: stacktrace:
TimedPromise/<@chrome://marionette/content/sync.js:245:13
TimedPromise@chrome://marionette/content/sync.js:230:10
Sleep@chrome://marionette/content/sync.js:283:10
dispatchPause@chrome://marionette/content/action.js:1482:10
toEvents/<@chrome://marionette/content/action.js:1156:16
action.dispatchTickActions@chrome://marionette/content/action.js:1060:35
action.dispatch/chainEvents<@chrome://marionette/content/action.js:1028:20
1599651207722	Marionette	WARN	TimedPromise timed out after 0 ms: stacktrace:
TimedPromise/<@chrome://marionette/content/sync.js:245:13
TimedPromise@chrome://marionette/content/sync.js:230:10
Sleep@chrome://marionette/content/sync.js:283:10
dispatchPause@chrome://marionette/content/action.js:1482:10
toEvents/<@chrome://marionette/content/action.js:1156:16
action.dispatchTickActions@chrome://marionette/content/action.js:1060:35
action.dispatch/chainEvents<@chrome://marionette/content/action.js:1028:20
1599651207723	Marionette	WARN	TimedPromise timed out after 0 ms: stacktrace:
TimedPromise/<@chrome://marionette/content/sync.js:245:13
TimedPromise@chrome://marionette/content/sync.js:230:10
Sleep@chrome://marionette/content/sync.js:283:10
dispatchPause@chrome://marionette/content/action.js:1482:10
toEvents/<@chrome://marionette/content/action.js:1156:16
action.dispatchTickActions@chrome://marionette/content/action.js:1060:35
action.dispatch/chainEvents<@chrome://marionette/content/action.js:1028:20
1599651211218	Marionette	WARN	TimedPromise timed out after 0 ms: stacktrace:
TimedPromise/<@chrome://marionette/content/sync.js:245:13
TimedPromise@chrome://marionette/content/sync.js:230:10
Sleep@chrome://marionette/content/sync.js:283:10
dispatchPause@chrome://marionette/content/action.js:1482:10
toEvents/<@chrome://marionette/content/action.js:1156:16
action.dispatchTickActions@chrome://marionette/content/action.js:1060:35
action.dispatch/chainEvents<@chrome://marionette/content/action.js:1028:20
JavaScript error: resource://gre/modules/Prompter.jsm, line 1189: NS_ERROR_NOT_AVAILABLE: prompt aborted by user
console.error: services.settings: 
  main/cfr-fxa Signature failed  TypeError: NetworkError when attempting to fetch resource.
1599651212985	Marionette	INFO	Stopped listening on port 56255

###!!! [Child][RunMessage] Error: Channel closing: too late to send/recv, messages will be lost


###!!! [Child][MessageChannel::SendAndWait] Error: Channel error: cannot send/recv

1599651229034	mozrunner::runner	INFO	Running command: "C:\\Program Files\\Mozilla Firefox\\firefox.exe" "-marionette" "-foreground" "-no-remote" "-profile" "C:\\Users\\ADMINI~1\\AppData\\Local\\Temp\\rust_mozprofile943yWU"
JavaScript error: resource://gre/modules/XULStore.jsm, line 66: Error: Can't find profile directory.
console.error: SearchCache: "_readCacheFile: Error reading cache file:" (new Error("", "(unknown module)"))
1599651233473	Marionette	INFO	Listening on port 56295
1599651233816	Marionette	WARN	TLS certificate errors will be ignored for this session
1599651237235	Marionette	WARN	TimedPromise timed out after 0 ms: stacktrace:
TimedPromise/<@chrome://marionette/content/sync.js:245:13
TimedPromise@chrome://marionette/content/sync.js:230:10
Sleep@chrome://marionette/content/sync.js:283:10
dispatchPause@chrome://marionette/content/action.js:1482:10
toEvents/<@chrome://marionette/content/action.js:1156:16
action.dispatchTickActions@chrome://marionette/content/action.js:1060:35
action.dispatch/chainEvents<@chrome://marionette/content/action.js:1028:20
action.dispatch@chrome://marionette/content/action.js:1034:5
performActions@chrome://marionette/content/listener.js:856:16
dispatch/</req<@chrome://marionette/content/listener.js:529:14
dispatch/<@chrome://marionette/content/listener.js:522:15
1599651237492	Marionette	WARN	TimedPromise timed out after 0 ms: stacktrace:
TimedPromise/<@chrome://marionette/content/sync.js:245:13
TimedPromise@chrome://marionette/content/sync.js:230:10
Sleep@chrome://marionette/content/sync.js:283:10
dispatchPause@chrome://marionette/content/action.js:1482:10
toEvents/<@chrome://marionette/content/action.js:1156:16
action.dispatchTickActions@chrome://marionette/content/action.js:1060:35
action.dispatch/chainEvents<@chrome://marionette/content/action.js:1028:20
1599651237494	Marionette	WARN	TimedPromise timed out after 0 ms: stacktrace:
TimedPromise/<@chrome://marionette/content/sync.js:245:13
TimedPromise@chrome://marionette/content/sync.js:230:10
Sleep@chrome://marionette/content/sync.js:283:10
dispatchPause@chrome://marionette/content/action.js:1482:10
toEvents/<@chrome://marionette/content/action.js:1156:16
action.dispatchTickActions@chrome://marionette/content/action.js:1060:35
action.dispatch/chainEvents<@chrome://marionette/content/action.js:1028:20
1599651237495	Marionette	WARN	TimedPromise timed out after 0 ms: stacktrace:
TimedPromise/<@chrome://marionette/content/sync.js:245:13
TimedPromise@chrome://marionette/content/sync.js:230:10
Sleep@chrome://marionette/content/sync.js:283:10
dispatchPause@chrome://marionette/content/action.js:1482:10
toEvents/<@chrome://marionette/content/action.js:1156:16
action.dispatchTickActions@chrome://marionette/content/action.js:1060:35
action.dispatch/chainEvents<@chrome://marionette/content/action.js:1028:20
JavaScript error: resource://gre/modules/Prompter.jsm, line 1189: NS_ERROR_NOT_AVAILABLE: prompt aborted by user
1599651239557	Marionette	WARN	TimedPromise timed out after 0 ms: stacktrace:
TimedPromise/<@chrome://marionette/content/sync.js:245:13
TimedPromise@chrome://marionette/content/sync.js:230:10
Sleep@chrome://marionette/content/sync.js:283:10
dispatchPause@chrome://marionette/content/action.js:1482:10
toEvents/<@chrome://marionette/content/action.js:1156:16
action.dispatchTickActions@chrome://marionette/content/action.js:1060:35
action.dispatch/chainEvents<@chrome://marionette/content/action.js:1028:20
1599651241252	Marionette	INFO	Stopped listening on port 56295

###!!! [Child][RunMessage] Error: Channel closing: too late to send/recv, messages will be lost


###!!! [Child][MessageChannel::SendAndWait] Error: Channel error: cannot send/recv

1599651475074	mozrunner::runner	INFO	Running command: "C:\\Program Files\\Mozilla Firefox\\firefox.exe" "-marionette" "-foreground" "-no-remote" "-profile" "C:\\Users\\ADMINI~1\\AppData\\Local\\Temp\\rust_mozprofileJrWec1"
JavaScript error: resource://gre/modules/XULStore.jsm, line 66: Error: Can't find profile directory.
console.error: SearchCache: "_readCacheFile: Error reading cache file:" (new Error("", "(unknown module)"))
1599651479516	Marionette	INFO	Listening on port 56378
1599651479795	Marionette	WARN	TLS certificate errors will be ignored for this session
console.error: services.settings: 
  main/fxmonitor-breaches Signature failed  TypeError: NetworkError when attempting to fetch resource.
console.error: services.settings: 
  main/cfr-fxa Signature failed  TypeError: NetworkError when attempting to fetch resource.
1599651486849	Marionette	INFO	Stopped listening on port 56378

###!!! [Child][RunMessage] Error: Channel closing: too late to send/recv, messages will be lost


###!!! [Child][MessageChannel::SendAndWait] Error: Channel error: cannot send/recv

1599651780403	mozrunner::runner	INFO	Running command: "C:\\Program Files\\Mozilla Firefox\\firefox.exe" "-marionette" "-foreground" "-no-remote" "-profile" "C:\\Users\\ADMINI~1\\AppData\\Local\\Temp\\rust_mozprofilew6lJiZ"
JavaScript error: resource://gre/modules/XULStore.jsm, line 66: Error: Can't find profile directory.
console.error: SearchCache: "_readCacheFile: Error reading cache file:" (new Error("", "(unknown module)"))
1599651784903	Marionette	INFO	Listening on port 56486
1599651785127	Marionette	WARN	TLS certificate errors will be ignored for this session
1599651797715	Marionette	INFO	Stopped listening on port 56486

###!!! [Child][RunMessage] Error: Channel closing: too late to send/recv, messages will be lost


###!!! [Child][MessageChannel::SendAndWait] Error: Channel error: cannot send/recv

1599652008223	mozrunner::runner	INFO	Running command: "C:\\Program Files\\Mozilla Firefox\\firefox.exe" "-marionette" "-foreground" "-no-remote" "-profile" "C:\\Users\\ADMINI~1\\AppData\\Local\\Temp\\rust_mozprofileE0j4V7"
JavaScript error: resource://gre/modules/XULStore.jsm, line 66: Error: Can't find profile directory.
console.error: SearchCache: "_readCacheFile: Error reading cache file:" (new Error("", "(unknown module)"))
1599652012356	Marionette	INFO	Listening on port 56581
1599652012443	Marionette	WARN	TLS certificate errors will be ignored for this session
JavaScript warning: https://g.alicdn.com/??kissy/k/6.2.4/seed-min.js,kg/global-util/1.0.7/index-min.js,tb/tracker/4.3.12/index.js,kg/tb-nav/2.5.11/index-min.js,secdev/sufei_data/3.8.7/index.js, line 6: WebGL context was lost.
JavaScript warning: https://g.alicdn.com/??kissy/k/6.2.4/seed-min.js,kg/global-util/1.0.7/index-min.js,tb/tracker/4.3.12/index.js,kg/tb-nav/2.5.11/index-min.js,secdev/sufei_data/3.8.7/index.js, line 6: WebGL context was lost.
1599652030802	Marionette	INFO	Stopped listening on port 56581

###!!! [Child][RunMessage] Error: Channel closing: too late to send/recv, messages will be lost


###!!! [Child][MessageChannel::SendAndWait] Error: Channel error: cannot send/recv

1599652433501	mozrunner::runner	INFO	Running command: "C:\\Program Files\\Mozilla Firefox\\firefox.exe" "-marionette" "-foreground" "-no-remote" "-profile" "C:\\Users\\ADMINI~1\\AppData\\Local\\Temp\\rust_mozprofileQItBp4"
JavaScript error: resource://gre/modules/XULStore.jsm, line 66: Error: Can't find profile directory.
console.error: SearchCache: "_readCacheFile: Error reading cache file:" (new Error("", "(unknown module)"))
1599652438372	Marionette	INFO	Listening on port 56796
1599652438724	Marionette	WARN	TLS certificate errors will be ignored for this session
JavaScript warning: https://g.alicdn.com/??kissy/k/6.2.4/seed-min.js,kg/global-util/1.0.7/index-min.js,tb/tracker/4.3.12/index.js,kg/tb-nav/2.5.11/index-min.js,secdev/sufei_data/3.8.7/index.js, line 6: WebGL context was lost.
JavaScript warning: https://g.alicdn.com/??kissy/k/6.2.4/seed-min.js,kg/global-util/1.0.7/index-min.js,tb/tracker/4.3.12/index.js,kg/tb-nav/2.5.11/index-min.js,secdev/sufei_data/3.8.7/index.js, line 6: WebGL context was lost.
JavaScript warning: https://g.alicdn.com/AWSC/et/1.62.1/et_n.js, line 4: WebGL context was lost.
JavaScript warning: https://g.alicdn.com/??xlly/spl/rp.js,secdev/nsv/1.0.78/ns_e_88_3_n.js, line 5: WebGL context was lost.
JavaScript error: https://g.alicdn.com/??mui/datalazyload/4.0.23/index.js,mui/chaoshi-sync/4.1.20/util.js,mui/chaoshi-sync/4.1.20/price-inventory.js,tm/chaoshi/4.1.52/mods/floor/index.js,tm/chaoshi/4.1.52/mods/lift/lift.tpl.js,mui/zepto/4.0.9/fx.js,tm/chaoshi/4.1.52/mods/lift/scrollto.js,tm/chaoshi/4.1.52/mods/lift/lift.js,tm/chaoshi/4.1.52/mods/market/market.tpl.js,tm/chaoshi/4.1.52/mods/market/market.js,tm/chaoshi/4.1.52/mods/sidebar/sidebar.tpl.js,tm/chaoshi/4.1.52/mods/sidebar/sidebar.js,tm/chaoshi/4.1.52/mods/lottery-index/lottery-index.js,mui/slide/4.0.3/ie8.js,mui/slide/4.0.3/polyfill.js,mui/slide/4.0.3/utils/assign.js,mui/slide/4.0.3/base.js,mui/flipsnap/4.0.1/index.js,mui/slide/4.0.3/slide.js,mui/slide/4.0.3/utils/dom_event.js,mui/slide/4.0.3/utils/index.js,mui/slide/4.0.3/flipsnap.js,mui/slide/4.0.3/carousel.js,mui/slide/4.0.3/crossfade.js,mui/slide/4.0.3/mixins/events.js,mui/slide/4.0.3/utils/viewport.js,mui/slide/4.0.3/mixins/autoplay.js,mui/slide/4.0.3/mixins/pointmove.js,mui/slide/4.0.3/index.js,mui/slide/4.0.3/index-pc.js,tm/chaoshi/4.1.52/mods/slide/slide.js,tm/chaoshi/4.1.52/mods/slide/slide.tpl.js,tm/chaoshi/4.1.52/pages/index/index.js, line 1: TypeError: t.model is undefined
JavaScript warning: https://g.alicdn.com/AWSC/et/1.62.1/et_n.js, line 4: WebGL context was lost.
JavaScript warning: https://g.alicdn.com/??xlly/spl/rp.js,secdev/nsv/1.0.78/ns_e_88_3_n.js, line 5: WebGL context was lost.
JavaScript warning: https://g.alicdn.com/secdev/sufei_data/3.9.0/index.js, line 1: WebGL context was lost.
JavaScript warning: https://g.alicdn.com/mui/kissy/4.0.10/??node-min.js,swf-min.js,cookie-min.js,xtemplate-min.js,xtemplate/runtime-min.js,xtemplate/compiler-min.js, line 24: Using //@ to indicate sourceURL pragmas is deprecated. Use //# instead
JavaScript warning: https://g.alicdn.com/mui/kissy/4.0.10/??node-min.js,swf-min.js,cookie-min.js,xtemplate-min.js,xtemplate/runtime-min.js,xtemplate/compiler-min.js, line 9: Using //@ to indicate sourceURL pragmas is deprecated. Use //# instead
JavaScript warning: https://g.alicdn.com/mui/kissy/4.0.10/??node-min.js,swf-min.js,cookie-min.js,xtemplate-min.js,xtemplate/runtime-min.js,xtemplate/compiler-min.js, line 218: Using //@ to indicate sourceURL pragmas is deprecated. Use //# instead
JavaScript warning: https://g.alicdn.com/mui/kissy/4.0.10/??node-min.js,swf-min.js,cookie-min.js,xtemplate-min.js,xtemplate/runtime-min.js,xtemplate/compiler-min.js, line 148: Using //@ to indicate sourceURL pragmas is deprecated. Use //# instead
JavaScript warning: https://g.alicdn.com/mui/kissy/4.0.10/??node-min.js,swf-min.js,cookie-min.js,xtemplate-min.js,xtemplate/runtime-min.js,xtemplate/compiler-min.js, line 38: Using //@ to indicate sourceURL pragmas is deprecated. Use //# instead
JavaScript warning: https://g.alicdn.com/mui/kissy/4.0.10/??node-min.js,swf-min.js,cookie-min.js,xtemplate-min.js,xtemplate/runtime-min.js,xtemplate/compiler-min.js, line 100: Using //@ to indicate sourceURL pragmas is deprecated. Use //# instead
JavaScript warning: https://g.alicdn.com/mui/kissy/4.0.10/??node-min.js,swf-min.js,cookie-min.js,xtemplate-min.js,xtemplate/runtime-min.js,xtemplate/compiler-min.js, line 21: Using //@ to indicate sourceURL pragmas is deprecated. Use //# instead
JavaScript warning: https://g.alicdn.com/secdev/sufei_data/3.9.0/index.js, line 1: WebGL context was lost.
JavaScript warning: https://g.alicdn.com/??xlly/spl/rp.js,secdev/nsv/1.0.78/ns_e_88_3_n.js, line 5: WebGL context was lost.
JavaScript warning: https://g.alicdn.com/AWSC/et/1.62.1/et_n.js, line 4: WebGL context was lost.
[Child 812, Chrome_ChildThread] WARNING: pipe error: 232: file /builds/worker/checkouts/gecko/ipc/chromium/src/chrome/common/ipc_channel_win.cc, line 545
[Child 812, Chrome_ChildThread] WARNING: pipe error: 232: file /builds/worker/checkouts/gecko/ipc/chromium/src/chrome/common/ipc_channel_win.cc, line 545
1599652468808	Marionette	INFO	Stopped listening on port 56796

###!!! [Child][RunMessage] Error: Channel closing: too late to send/recv, messages will be lost


###!!! [Child][MessageChannel::SendAndWait] Error: Channel error: cannot send/recv

1599652498187	mozrunner::runner	INFO	Running command: "C:\\Program Files\\Mozilla Firefox\\firefox.exe" "-marionette" "-foreground" "-no-remote" "-profile" "C:\\Users\\ADMINI~1\\AppData\\Local\\Temp\\rust_mozprofileOPHnYL"
JavaScript error: resource://gre/modules/XULStore.jsm, line 66: Error: Can't find profile directory.
console.error: SearchCache: "_readCacheFile: Error reading cache file:" (new Error("", "(unknown module)"))
1599652502201	Marionette	INFO	Listening on port 56926
1599652502310	Marionette	WARN	TLS certificate errors will be ignored for this session
JavaScript warning: https://g.alicdn.com/??kissy/k/6.2.4/seed-min.js,kg/global-util/1.0.7/index-min.js,tb/tracker/4.3.12/index.js,kg/tb-nav/2.5.11/index-min.js,secdev/sufei_data/3.8.7/index.js, line 6: WebGL context was lost.
JavaScript warning: https://g.alicdn.com/??kissy/k/6.2.4/seed-min.js,kg/global-util/1.0.7/index-min.js,tb/tracker/4.3.12/index.js,kg/tb-nav/2.5.11/index-min.js,secdev/sufei_data/3.8.7/index.js, line 6: WebGL context was lost.
JavaScript warning: https://g.alicdn.com/AWSC/et/1.62.1/et_n.js, line 4: WebGL context was lost.
JavaScript warning: https://g.alicdn.com/??xlly/spl/rp.js,secdev/nsv/1.0.78/ns_e_88_3_n.js, line 5: WebGL context was lost.
JavaScript error: https://g.alicdn.com/??mui/datalazyload/4.0.23/index.js,mui/chaoshi-sync/4.1.20/util.js,mui/chaoshi-sync/4.1.20/price-inventory.js,tm/chaoshi/4.1.52/mods/floor/index.js,tm/chaoshi/4.1.52/mods/lift/lift.tpl.js,mui/zepto/4.0.9/fx.js,tm/chaoshi/4.1.52/mods/lift/scrollto.js,tm/chaoshi/4.1.52/mods/lift/lift.js,tm/chaoshi/4.1.52/mods/market/market.tpl.js,tm/chaoshi/4.1.52/mods/market/market.js,tm/chaoshi/4.1.52/mods/sidebar/sidebar.tpl.js,tm/chaoshi/4.1.52/mods/sidebar/sidebar.js,tm/chaoshi/4.1.52/mods/lottery-index/lottery-index.js,mui/slide/4.0.3/ie8.js,mui/slide/4.0.3/polyfill.js,mui/slide/4.0.3/utils/assign.js,mui/slide/4.0.3/base.js,mui/flipsnap/4.0.1/index.js,mui/slide/4.0.3/slide.js,mui/slide/4.0.3/utils/dom_event.js,mui/slide/4.0.3/utils/index.js,mui/slide/4.0.3/flipsnap.js,mui/slide/4.0.3/carousel.js,mui/slide/4.0.3/crossfade.js,mui/slide/4.0.3/mixins/events.js,mui/slide/4.0.3/utils/viewport.js,mui/slide/4.0.3/mixins/autoplay.js,mui/slide/4.0.3/mixins/pointmove.js,mui/slide/4.0.3/index.js,mui/slide/4.0.3/index-pc.js,tm/chaoshi/4.1.52/mods/slide/slide.js,tm/chaoshi/4.1.52/mods/slide/slide.tpl.js,tm/chaoshi/4.1.52/pages/index/index.js, line 1: TypeError: t.model is undefined
JavaScript warning: https://g.alicdn.com/AWSC/et/1.62.1/et_n.js, line 4: WebGL context was lost.
JavaScript warning: https://g.alicdn.com/??xlly/spl/rp.js,secdev/nsv/1.0.78/ns_e_88_3_n.js, line 5: WebGL context was lost.
JavaScript warning: https://g.alicdn.com/secdev/sufei_data/3.9.0/index.js, line 1: WebGL context was lost.
JavaScript warning: https://g.alicdn.com/mui/kissy/4.0.10/??node-min.js,swf-min.js,cookie-min.js,xtemplate-min.js,xtemplate/runtime-min.js,xtemplate/compiler-min.js, line 24: Using //@ to indicate sourceURL pragmas is deprecated. Use //# instead
JavaScript warning: https://g.alicdn.com/mui/kissy/4.0.10/??node-min.js,swf-min.js,cookie-min.js,xtemplate-min.js,xtemplate/runtime-min.js,xtemplate/compiler-min.js, line 9: Using //@ to indicate sourceURL pragmas is deprecated. Use //# instead
JavaScript warning: https://g.alicdn.com/mui/kissy/4.0.10/??node-min.js,swf-min.js,cookie-min.js,xtemplate-min.js,xtemplate/runtime-min.js,xtemplate/compiler-min.js, line 218: Using //@ to indicate sourceURL pragmas is deprecated. Use //# instead
JavaScript warning: https://g.alicdn.com/mui/kissy/4.0.10/??node-min.js,swf-min.js,cookie-min.js,xtemplate-min.js,xtemplate/runtime-min.js,xtemplate/compiler-min.js, line 148: Using //@ to indicate sourceURL pragmas is deprecated. Use //# instead
JavaScript warning: https://g.alicdn.com/mui/kissy/4.0.10/??node-min.js,swf-min.js,cookie-min.js,xtemplate-min.js,xtemplate/runtime-min.js,xtemplate/compiler-min.js, line 38: Using //@ to indicate sourceURL pragmas is deprecated. Use //# instead
JavaScript warning: https://g.alicdn.com/mui/kissy/4.0.10/??node-min.js,swf-min.js,cookie-min.js,xtemplate-min.js,xtemplate/runtime-min.js,xtemplate/compiler-min.js, line 100: Using //@ to indicate sourceURL pragmas is deprecated. Use //# instead
JavaScript warning: https://g.alicdn.com/mui/kissy/4.0.10/??node-min.js,swf-min.js,cookie-min.js,xtemplate-min.js,xtemplate/runtime-min.js,xtemplate/compiler-min.js, line 21: Using //@ to indicate sourceURL pragmas is deprecated. Use //# instead
JavaScript warning: https://g.alicdn.com/secdev/sufei_data/3.9.0/index.js, line 1: WebGL context was lost.
JavaScript warning: https://g.alicdn.com/??xlly/spl/rp.js,secdev/nsv/1.0.78/ns_e_88_3_n.js, line 5: WebGL context was lost.
JavaScript warning: https://g.alicdn.com/AWSC/et/1.62.1/et_n.js, line 4: WebGL context was lost.
1599652528596	Marionette	INFO	Stopped listening on port 56926

###!!! [Child][RunMessage] Error: Channel closing: too late to send/recv, messages will be lost


###!!! [Child][MessageChannel::SendAndWait] Error: Channel error: cannot send/recv

1599652620513	mozrunner::runner	INFO	Running command: "C:\\Program Files\\Mozilla Firefox\\firefox.exe" "-marionette" "-foreground" "-no-remote" "-profile" "C:\\Users\\ADMINI~1\\AppData\\Local\\Temp\\rust_mozprofilezZGZRR"
JavaScript error: resource://gre/modules/XULStore.jsm, line 66: Error: Can't find profile directory.
console.error: SearchCache: "_readCacheFile: Error reading cache file:" (new Error("", "(unknown module)"))
1599652624847	Marionette	INFO	Listening on port 57057
1599652625238	Marionette	WARN	TLS certificate errors will be ignored for this session
JavaScript warning: https://g.alicdn.com/??kissy/k/6.2.4/seed-min.js,kg/global-util/1.0.7/index-min.js,tb/tracker/4.3.12/index.js,kg/tb-nav/2.5.11/index-min.js,secdev/sufei_data/3.8.7/index.js, line 6: WebGL context was lost.
console.error: Region.jsm: "Error fetching region" (new AbortError("The operation was aborted. ", (void 0), 689))
console.error: Region.jsm: "Failed to fetch region" (new Error("NO_RESULT", "resource://gre/modules/Region.jsm", 343))
JavaScript warning: https://g.alicdn.com/??kissy/k/6.2.4/seed-min.js,kg/global-util/1.0.7/index-min.js,tb/tracker/4.3.12/index.js,kg/tb-nav/2.5.11/index-min.js,secdev/sufei_data/3.8.7/index.js, line 6: WebGL context was lost.
JavaScript warning: https://g.alicdn.com/??xlly/spl/rp.js,secdev/nsv/1.0.78/ns_e_88_3_n.js, line 5: WebGL context was lost.
JavaScript warning: https://g.alicdn.com/AWSC/et/1.62.1/et_n.js, line 4: WebGL context was lost.
JavaScript error: https://g.alicdn.com/??mui/datalazyload/4.0.23/index.js,mui/chaoshi-sync/4.1.20/util.js,mui/chaoshi-sync/4.1.20/price-inventory.js,tm/chaoshi/4.1.52/mods/floor/index.js,tm/chaoshi/4.1.52/mods/lift/lift.tpl.js,mui/zepto/4.0.9/fx.js,tm/chaoshi/4.1.52/mods/lift/scrollto.js,tm/chaoshi/4.1.52/mods/lift/lift.js,tm/chaoshi/4.1.52/mods/market/market.tpl.js,tm/chaoshi/4.1.52/mods/market/market.js,tm/chaoshi/4.1.52/mods/sidebar/sidebar.tpl.js,tm/chaoshi/4.1.52/mods/sidebar/sidebar.js,tm/chaoshi/4.1.52/mods/lottery-index/lottery-index.js,mui/slide/4.0.3/ie8.js,mui/slide/4.0.3/polyfill.js,mui/slide/4.0.3/utils/assign.js,mui/slide/4.0.3/base.js,mui/flipsnap/4.0.1/index.js,mui/slide/4.0.3/slide.js,mui/slide/4.0.3/utils/dom_event.js,mui/slide/4.0.3/utils/index.js,mui/slide/4.0.3/flipsnap.js,mui/slide/4.0.3/carousel.js,mui/slide/4.0.3/crossfade.js,mui/slide/4.0.3/mixins/events.js,mui/slide/4.0.3/utils/viewport.js,mui/slide/4.0.3/mixins/autoplay.js,mui/slide/4.0.3/mixins/pointmove.js,mui/slide/4.0.3/index.js,mui/slide/4.0.3/index-pc.js,tm/chaoshi/4.1.52/mods/slide/slide.js,tm/chaoshi/4.1.52/mods/slide/slide.tpl.js,tm/chaoshi/4.1.52/pages/index/index.js, line 1: TypeError: t.model is undefined
JavaScript warning: https://g.alicdn.com/??xlly/spl/rp.js,secdev/nsv/1.0.78/ns_e_88_3_n.js, line 5: WebGL context was lost.
JavaScript warning: https://g.alicdn.com/AWSC/et/1.62.1/et_n.js, line 4: WebGL context was lost.
JavaScript warning: https://g.alicdn.com/secdev/sufei_data/3.9.0/index.js, line 1: WebGL context was lost.
JavaScript warning: https://g.alicdn.com/mui/kissy/4.0.10/??node-min.js,swf-min.js,cookie-min.js,xtemplate-min.js,xtemplate/runtime-min.js,xtemplate/compiler-min.js, line 24: Using //@ to indicate sourceURL pragmas is deprecated. Use //# instead
JavaScript warning: https://g.alicdn.com/mui/kissy/4.0.10/??node-min.js,swf-min.js,cookie-min.js,xtemplate-min.js,xtemplate/runtime-min.js,xtemplate/compiler-min.js, line 9: Using //@ to indicate sourceURL pragmas is deprecated. Use //# instead
JavaScript warning: https://g.alicdn.com/mui/kissy/4.0.10/??node-min.js,swf-min.js,cookie-min.js,xtemplate-min.js,xtemplate/runtime-min.js,xtemplate/compiler-min.js, line 218: Using //@ to indicate sourceURL pragmas is deprecated. Use //# instead
JavaScript warning: https://g.alicdn.com/mui/kissy/4.0.10/??node-min.js,swf-min.js,cookie-min.js,xtemplate-min.js,xtemplate/runtime-min.js,xtemplate/compiler-min.js, line 148: Using //@ to indicate sourceURL pragmas is deprecated. Use //# instead
JavaScript warning: https://g.alicdn.com/mui/kissy/4.0.10/??node-min.js,swf-min.js,cookie-min.js,xtemplate-min.js,xtemplate/runtime-min.js,xtemplate/compiler-min.js, line 38: Using //@ to indicate sourceURL pragmas is deprecated. Use //# instead
JavaScript warning: https://g.alicdn.com/mui/kissy/4.0.10/??node-min.js,swf-min.js,cookie-min.js,xtemplate-min.js,xtemplate/runtime-min.js,xtemplate/compiler-min.js, line 100: Using //@ to indicate sourceURL pragmas is deprecated. Use //# instead
JavaScript warning: https://g.alicdn.com/mui/kissy/4.0.10/??node-min.js,swf-min.js,cookie-min.js,xtemplate-min.js,xtemplate/runtime-min.js,xtemplate/compiler-min.js, line 21: Using //@ to indicate sourceURL pragmas is deprecated. Use //# instead
JavaScript warning: https://g.alicdn.com/secdev/sufei_data/3.9.0/index.js, line 1: WebGL context was lost.
JavaScript warning: https://g.alicdn.com/??xlly/spl/rp.js,secdev/nsv/1.0.78/ns_e_88_3_n.js, line 5: WebGL context was lost.
JavaScript warning: https://g.alicdn.com/AWSC/et/1.62.1/et_n.js, line 4: WebGL context was lost.
JavaScript error: https://g.alicdn.com/mui/kissy/4.0.10/??io-min.js,dom/base-min.js,event/custom-min.js,event/base-min.js,promise-min.js,event/dom/base-min.js,event/dom/shake-min.js,event/dom/focusin-min.js,base-min.js,attribute-min.js,event-min.js,anim-min.js,anim/base-min.js,anim/timer-min.js,anim/transition-min.js, line 1: NS_ERROR_NOT_INITIALIZED: 
1599652642666	Marionette	INFO	Stopped listening on port 57057

###!!! [Child][RunMessage] Error: Channel closing: too late to send/recv, messages will be lost


###!!! [Child][MessageChannel::SendAndWait] Error: Channel error: cannot send/recv

1599652684836	mozrunner::runner	INFO	Running command: "C:\\Program Files\\Mozilla Firefox\\firefox.exe" "-marionette" "-foreground" "-no-remote" "-profile" "C:\\Users\\ADMINI~1\\AppData\\Local\\Temp\\rust_mozprofilef2YZWu"
JavaScript error: resource://gre/modules/XULStore.jsm, line 66: Error: Can't find profile directory.
console.error: SearchCache: "_readCacheFile: Error reading cache file:" (new Error("", "(unknown module)"))
1599652689362	Marionette	INFO	Listening on port 57197
1599652689566	Marionette	WARN	TLS certificate errors will be ignored for this session
JavaScript warning: https://g.alicdn.com/??kissy/k/6.2.4/seed-min.js,kg/global-util/1.0.7/index-min.js,tb/tracker/4.3.12/index.js,kg/tb-nav/2.5.11/index-min.js,secdev/sufei_data/3.8.7/index.js, line 6: WebGL context was lost.
JavaScript warning: https://g.alicdn.com/??kissy/k/6.2.4/seed-min.js,kg/global-util/1.0.7/index-min.js,tb/tracker/4.3.12/index.js,kg/tb-nav/2.5.11/index-min.js,secdev/sufei_data/3.8.7/index.js, line 6: WebGL context was lost.
JavaScript warning: https://g.alicdn.com/??xlly/spl/rp.js,secdev/nsv/1.0.78/ns_e_88_3_n.js, line 5: WebGL context was lost.
JavaScript warning: https://g.alicdn.com/AWSC/et/1.62.1/et_n.js, line 4: WebGL context was lost.
JavaScript error: https://g.alicdn.com/??mui/datalazyload/4.0.23/index.js,mui/chaoshi-sync/4.1.20/util.js,mui/chaoshi-sync/4.1.20/price-inventory.js,tm/chaoshi/4.1.52/mods/floor/index.js,tm/chaoshi/4.1.52/mods/lift/lift.tpl.js,mui/zepto/4.0.9/fx.js,tm/chaoshi/4.1.52/mods/lift/scrollto.js,tm/chaoshi/4.1.52/mods/lift/lift.js,tm/chaoshi/4.1.52/mods/market/market.tpl.js,tm/chaoshi/4.1.52/mods/market/market.js,tm/chaoshi/4.1.52/mods/sidebar/sidebar.tpl.js,tm/chaoshi/4.1.52/mods/sidebar/sidebar.js,tm/chaoshi/4.1.52/mods/lottery-index/lottery-index.js,mui/slide/4.0.3/ie8.js,mui/slide/4.0.3/polyfill.js,mui/slide/4.0.3/utils/assign.js,mui/slide/4.0.3/base.js,mui/flipsnap/4.0.1/index.js,mui/slide/4.0.3/slide.js,mui/slide/4.0.3/utils/dom_event.js,mui/slide/4.0.3/utils/index.js,mui/slide/4.0.3/flipsnap.js,mui/slide/4.0.3/carousel.js,mui/slide/4.0.3/crossfade.js,mui/slide/4.0.3/mixins/events.js,mui/slide/4.0.3/utils/viewport.js,mui/slide/4.0.3/mixins/autoplay.js,mui/slide/4.0.3/mixins/pointmove.js,mui/slide/4.0.3/index.js,mui/slide/4.0.3/index-pc.js,tm/chaoshi/4.1.52/mods/slide/slide.js,tm/chaoshi/4.1.52/mods/slide/slide.tpl.js,tm/chaoshi/4.1.52/pages/index/index.js, line 1: TypeError: t.model is undefined
JavaScript warning: https://g.alicdn.com/AWSC/et/1.62.1/et_n.js, line 4: WebGL context was lost.
JavaScript warning: https://g.alicdn.com/??xlly/spl/rp.js,secdev/nsv/1.0.78/ns_e_88_3_n.js, line 5: WebGL context was lost.
JavaScript warning: https://g.alicdn.com/secdev/sufei_data/3.9.0/index.js, line 1: WebGL context was lost.
1599652708290	Marionette	INFO	Stopped listening on port 57197

###!!! [Child][RunMessage] Error: Channel closing: too late to send/recv, messages will be lost


###!!! [Child][MessageChannel::SendAndWait] Error: Channel error: cannot send/recv

1599653073359	mozrunner::runner	INFO	Running command: "C:\\Program Files\\Mozilla Firefox\\firefox.exe" "-marionette" "-foreground" "-no-remote" "-profile" "C:\\Users\\ADMINI~1\\AppData\\Local\\Temp\\rust_mozprofilebR0mWh"
JavaScript error: resource://gre/modules/XULStore.jsm, line 66: Error: Can't find profile directory.
console.error: SearchCache: "_readCacheFile: Error reading cache file:" (new Error("", "(unknown module)"))
1599653078247	Marionette	INFO	Listening on port 57389
1599653078576	Marionette	WARN	TLS certificate errors will be ignored for this session
1599653094021	Marionette	INFO	Stopped listening on port 57389

###!!! [Child][RunMessage] Error: Channel closing: too late to send/recv, messages will be lost


###!!! [Child][MessageChannel::SendAndWait] Error: Channel error: cannot send/recv

1599653143122	mozrunner::runner	INFO	Running command: "C:\\Program Files\\Mozilla Firefox\\firefox.exe" "-marionette" "-foreground" "-no-remote" "-profile" "C:\\Users\\ADMINI~1\\AppData\\Local\\Temp\\rust_mozprofileH0UZhz"
JavaScript error: resource://gre/modules/XULStore.jsm, line 66: Error: Can't find profile directory.
console.error: SearchCache: "_readCacheFile: Error reading cache file:" (new Error("", "(unknown module)"))
1599653148460	Marionette	INFO	Listening on port 57458
1599653148857	Marionette	WARN	TLS certificate errors will be ignored for this session
1599653159612	Marionette	WARN	TimedPromise timed out after 500 ms: stacktrace:
TimedPromise/<@chrome://marionette/content/sync.js:245:13
TimedPromise@chrome://marionette/content/sync.js:230:10
interaction.flushEventLoop@chrome://marionette/content/interaction.js:416:10
webdriverClickElement@chrome://marionette/content/interaction.js:182:31
JavaScript warning: https://webmap0.bdimg.com/wolfman/static/common/pkg/initmap_18089a8.js line 4 > eval, line 1: WebGL warning: texSubImage: Texture has not been initialized prior to a partial upload, forcing the browser to clear it. This may be slow.
JavaScript warning: https://webmap0.bdimg.com/wolfman/static/common/pkg/initmap_18089a8.js line 4 > eval, line 1: WebGL warning: texSubImage: Tex image TEXTURE_2D level 0 is incurring lazy initialization.
JavaScript warning: https://webmap0.bdimg.com/wolfman/static/common/pkg/initmap_18089a8.js line 4 > eval, line 1: WebGL warning: texSubImage: Texture has not been initialized prior to a partial upload, forcing the browser to clear it. This may be slow.
JavaScript warning: https://webmap0.bdimg.com/wolfman/static/common/pkg/initmap_18089a8.js line 4 > eval, line 1: WebGL warning: texSubImage: Tex image TEXTURE_2D level 0 is incurring lazy initialization.
1599653167327	Marionette	INFO	Stopped listening on port 57458

###!!! [Child][RunMessage] Error: Channel closing: too late to send/recv, messages will be lost


###!!! [Child][MessageChannel::SendAndWait] Error: Channel error: cannot send/recv

1599653895136	mozrunner::runner	INFO	Running command: "C:\\Program Files\\Mozilla Firefox\\firefox.exe" "-marionette" "-foreground" "-no-remote" "-profile" "C:\\Users\\ADMINI~1\\AppData\\Local\\Temp\\rust_mozprofiledOzZ49"
JavaScript error: resource://gre/modules/XULStore.jsm, line 66: Error: Can't find profile directory.
console.error: SearchCache: "_readCacheFile: Error reading cache file:" (new Error("", "(unknown module)"))
1599653900113	Marionette	INFO	Listening on port 57874
1599653900358	Marionette	WARN	TLS certificate errors will be ignored for this session
1599653930859	Marionette	INFO	Stopped listening on port 57874

###!!! [Child][RunMessage] Error: Channel closing: too late to send/recv, messages will be lost


###!!! [Child][MessageChannel::SendAndWait] Error: Channel error: cannot send/recv

1599654184086	mozrunner::runner	INFO	Running command: "C:\\Program Files\\Mozilla Firefox\\firefox.exe" "-marionette" "-foreground" "-no-remote" "-profile" "C:\\Users\\ADMINI~1\\AppData\\Local\\Temp\\rust_mozprofilemeXCqO"
JavaScript error: resource://gre/modules/XULStore.jsm, line 66: Error: Can't find profile directory.
console.error: SearchCache: "_readCacheFile: Error reading cache file:" (new Error("", "(unknown module)"))
1599654188453	Marionette	INFO	Listening on port 57991
1599654188803	Marionette	WARN	TLS certificate errors will be ignored for this session
JavaScript warning: http://39.96.181.61/qftest-ds/public/script/jquery.js, line 2: Using //@ to indicate sourceMappingURL pragmas is deprecated. Use //# instead
JavaScript warning: http://39.96.181.61/qftest-ds/public/script/jquery.js, line 2: Using //@ to indicate sourceMappingURL pragmas is deprecated. Use //# instead
JavaScript warning: http://39.96.181.61/qftest-ds/public/script/jquery.js, line 2: Using //@ to indicate sourceMappingURL pragmas is deprecated. Use //# instead
1599654202497	Marionette	INFO	Stopped listening on port 57991

###!!! [Child][RunMessage] Error: Channel closing: too late to send/recv, messages will be lost


###!!! [Child][MessageChannel::SendAndWait] Error: Channel error: cannot send/recv

1599654253062	mozrunner::runner	INFO	Running command: "C:\\Program Files\\Mozilla Firefox\\firefox.exe" "-marionette" "-foreground" "-no-remote" "-profile" "C:\\Users\\ADMINI~1\\AppData\\Local\\Temp\\rust_mozprofileluMasO"
JavaScript error: resource://gre/modules/XULStore.jsm, line 66: Error: Can't find profile directory.
console.error: SearchCache: "_readCacheFile: Error reading cache file:" (new Error("", "(unknown module)"))
1599654257394	Marionette	INFO	Listening on port 58048
1599654257791	Marionette	WARN	TLS certificate errors will be ignored for this session
JavaScript warning: http://39.96.181.61/qftest-ds/public/script/jquery.js, line 2: Using //@ to indicate sourceMappingURL pragmas is deprecated. Use //# instead
JavaScript warning: http://39.96.181.61/qftest-ds/public/script/jquery.js, line 2: Using //@ to indicate sourceMappingURL pragmas is deprecated. Use //# instead
JavaScript warning: http://39.96.181.61/qftest-ds/public/script/jquery.js, line 2: Using //@ to indicate sourceMappingURL pragmas is deprecated. Use //# instead
1599654271825	Marionette	INFO	Stopped listening on port 58048

###!!! [Child][RunMessage] Error: Channel closing: too late to send/recv, messages will be lost


###!!! [Child][MessageChannel::SendAndWait] Error: Channel error: cannot send/recv

1599654614611	mozrunner::runner	INFO	Running command: "C:\\Program Files\\Mozilla Firefox\\firefox.exe" "-marionette" "-foreground" "-no-remote" "-profile" "C:\\Users\\ADMINI~1\\AppData\\Local\\Temp\\rust_mozprofileqqW1Ju"
JavaScript error: resource://gre/modules/XULStore.jsm, line 66: Error: Can't find profile directory.
console.error: SearchCache: "_readCacheFile: Error reading cache file:" (new Error("", "(unknown module)"))
1599654619069	Marionette	INFO	Listening on port 58177
1599654619341	Marionette	WARN	TLS certificate errors will be ignored for this session
1599654631916	Marionette	INFO	Stopped listening on port 58177

###!!! [Child][RunMessage] Error: Channel closing: too late to send/recv, messages will be lost


###!!! [Child][MessageChannel::SendAndWait] Error: Channel error: cannot send/recv

1599654646943	mozrunner::runner	INFO	Running command: "C:\\Program Files\\Mozilla Firefox\\firefox.exe" "-marionette" "-foreground" "-no-remote" "-profile" "C:\\Users\\ADMINI~1\\AppData\\Local\\Temp\\rust_mozprofile2aoTkS"
JavaScript error: resource://gre/modules/XULStore.jsm, line 66: Error: Can't find profile directory.
console.error: SearchCache: "_readCacheFile: Error reading cache file:" (new Error("", "(unknown module)"))
1599654651220	Marionette	INFO	Listening on port 58221
1599654651660	Marionette	WARN	TLS certificate errors will be ignored for this session
JavaScript warning: http://39.96.181.61/qftest-ds/public/script/jquery.js, line 2: Using //@ to indicate sourceMappingURL pragmas is deprecated. Use //# instead
JavaScript warning: http://39.96.181.61/qftest-ds/public/script/jquery.js, line 2: Using //@ to indicate sourceMappingURL pragmas is deprecated. Use //# instead
JavaScript warning: http://39.96.181.61/qftest-ds/public/script/jquery.js, line 2: Using //@ to indicate sourceMappingURL pragmas is deprecated. Use //# instead
1599654664978	Marionette	INFO	Stopped listening on port 58221

###!!! [Child][RunMessage] Error: Channel closing: too late to send/recv, messages will be lost


###!!! [Child][MessageChannel::SendAndWait] Error: Channel error: cannot send/recv

1599654673552	mozrunner::runner	INFO	Running command: "C:\\Program Files\\Mozilla Firefox\\firefox.exe" "-marionette" "-foreground" "-no-remote" "-profile" "C:\\Users\\ADMINI~1\\AppData\\Local\\Temp\\rust_mozprofile4Iw6ML"
JavaScript error: resource://gre/modules/XULStore.jsm, line 66: Error: Can't find profile directory.
console.error: SearchCache: "_readCacheFile: Error reading cache file:" (new Error("", "(unknown module)"))
1599654677737	Marionette	INFO	Listening on port 58271
1599654677772	Marionette	WARN	TLS certificate errors will be ignored for this session
JavaScript warning: http://39.96.181.61/qftest-ds/public/script/jquery.js, line 2: Using //@ to indicate sourceMappingURL pragmas is deprecated. Use //# instead
JavaScript error: resource://gre/actors/AutoCompleteChild.jsm, line 208: Error: Invalid autocomplete selectedIndex
JavaScript warning: http://39.96.181.61/qftest-ds/public/script/jquery.js, line 2: Using //@ to indicate sourceMappingURL pragmas is deprecated. Use //# instead
JavaScript warning: http://39.96.181.61/qftest-ds/public/script/jquery.js, line 2: Using //@ to indicate sourceMappingURL pragmas is deprecated. Use //# instead
1599654701374	Marionette	INFO	Stopped listening on port 58271

###!!! [Child][RunMessage] Error: Channel closing: too late to send/recv, messages will be lost


###!!! [Child][MessageChannel::SendAndWait] Error: Channel error: cannot send/recv

